  [run]    clip:05 ...
  [done]   clip:05 -> 05.mp4
  [spend]  $0.35  |  running total $9.85 / $14
  [run]    clip:07 ...
  [done]   clip:07 -> 07.mp4
  [spend]  $0.35  |  running total $10.20 / $14
  [run]    clip:08 ...
  [done]   clip:08 -> 08.mp4
  [spend]  $0.35  |  running total $10.55 / $14
  [run]    clip:10 ...
  [done]   clip:10 -> 10.mp4
  [spend]  $0.35  |  running total $10.90 / $14
  [run]    clip:11 ...
  [done]   clip:11 -> 11.mp4
  [spend]  $0.35  |  running total $11.25 / $14
  [run]    clip:12 ...
  [done]   clip:12 -> 12.mp4
  [spend]  $0.35  |  running total $11.60 / $14
  [run]    clip:13 ...
  [done]   clip:13 -> 13.mp4
  [spend]  $0.35  |  running total $11.95 / $14
  [run]    clip:14 ...
  [done]   clip:14 -> 14.mp4
  [spend]  $0.35  |  running total $12.30 / $14
  [run]    clip:15 ...
  [done]   clip:15 -> 15.mp4
  [spend]  $0.35  |  running total $12.65 / $14

All clips in work/clips/ — spot-check each one: no face morphing, no costume
changes, no extra people (group shot must keep all 13).
