  [run]    vo:01 ...
  [done]   vo:01 -> vo_01.mp3
  [spend]  $0.02  |  running total $1.66 / $14
  [run]    vo:02 ...
  [done]   vo:02 -> vo_02.mp3
  [spend]  $0.02  |  running total $1.68 / $14
  [run]    vo:04 ...
  [done]   vo:04 -> vo_04.mp3
  [spend]  $0.02  |  running total $1.70 / $14
  [run]    vo:06 ...
  [done]   vo:06 -> vo_06.mp3
  [spend]  $0.02  |  running total $1.72 / $14
  [run]    vo:07 ...
  [done]   vo:07 -> vo_07.mp3
  [spend]  $0.02  |  running total $1.74 / $14
  [run]    vo:09 ...
  [done]   vo:09 -> vo_09.mp3
  [spend]  $0.02  |  running total $1.76 / $14
  [run]    vo:11 ...
  [done]   vo:11 -> vo_11.mp3
  [spend]  $0.02  |  running total $1.78 / $14
  [run]    vo:12 ...
  [done]   vo:12 -> vo_12.mp3
  [spend]  $0.02  |  running total $1.80 / $14
  [run]    vo:15 ...
  [done]   vo:15 -> vo_15.mp3
  [spend]  $0.02  |  running total $1.82 / $14
  [run]    vo:17 ...
  [done]   vo:17 -> vo_17.mp3
  [spend]  $0.02  |  running total $1.84 / $14
  [run]    vo:18 ...
  [done]   vo:18 -> vo_18.mp3
  [spend]  $0.02  |  running total $2.21 / $14
  [run]    vo:19 ...
  [done]   vo:19 -> vo_19.mp3
  [spend]  $0.02  |  running total $2.23 / $14
  [run]    vo:20 ...
  [done]   vo:20 -> vo_20.mp3
  [spend]  $0.02  |  running total $2.25 / $14

VO lines in work/audio/vo_*.mp3 — listen to a couple; if the voice is off,
re-run with --voice-id (see the model's API page) --force.
