  [run]    still:01 ...
  [done]   still:01 -> 01.jpg
  [spend]  $0.03  |  running total $0.03 / $14
  [run]    still:02 ...
  [done]   still:02 -> 02.jpg
  [spend]  $0.04  |  running total $0.07 / $14
  [run]    still:03 ...
  [done]   still:03 -> 03.jpg
  [spend]  $0.03  |  running total $0.09 / $14
  [run]    still:04 ...
  [done]   still:04 -> 04.jpg
  [spend]  $0.04  |  running total $0.13 / $14
  [run]    still:05 ...
  [done]   still:05 -> 05.jpg
  [spend]  $0.04  |  running total $0.17 / $14
  [run]    still:06 ...
  [done]   still:06 -> 06.jpg
  [spend]  $0.04  |  running total $0.21 / $14
  [run]    still:07 ...
  [done]   still:07 -> 07.jpg
  [spend]  $0.04  |  running total $0.25 / $14
  [run]    still:08 ...
  [done]   still:08 -> 08.jpg
  [spend]  $0.04  |  running total $0.29 / $14
  [run]    still:09 ...
  [done]   still:09 -> 09.jpg
  [spend]  $0.04  |  running total $0.33 / $14
  [run]    still:10 ...
  [done]   still:10 -> 10.jpg
  [spend]  $0.04  |  running total $0.37 / $14
  [run]    still:11 ...
  [done]   still:11 -> 11.jpg
  [spend]  $0.04  |  running total $0.41 / $14
  [run]    still:12 ...
  [done]   still:12 -> 12.jpg
  [spend]  $0.04  |  running total $0.45 / $14
  [run]    still:13 ...
  [done]   still:13 -> 13.jpg
  [spend]  $0.04  |  running total $0.49 / $14
  [run]    still:14 ...
  [done]   still:14 -> 14.jpg
  [spend]  $0.04  |  running total $0.53 / $14
  [run]    still:15 ...
  [done]   still:15 -> 15.jpg
  [spend]  $0.04  |  running total $0.57 / $14
  [run]    still:16 ...
  [done]   still:16 -> 16.jpg
  [spend]  $0.03  |  running total $0.59 / $14
  [run]    still:17 ...
  [done]   still:17 -> 17.jpg
  [spend]  $0.04  |  running total $0.64 / $14
  [run]    still:18 ...
  [done]   still:18 -> 18.jpg
  [spend]  $0.04  |  running total $0.68 / $14
  [run]    still:20 ...
  [done]   still:20 -> 20.jpg
  [spend]  $0.03  |  running total $0.70 / $14

All stills in work/stills/ — REVIEW THEM (identity, costume, full anime look)
before spending on video. Re-roll any shot: 01_stylize.py --only <id> --force
